[0;32m[0m*******************************************************************
[0;32m[0m* Genome-wide Complex Trait Analysis (GCTA)
[0;32m[0m* version 1.93.2 beta Linux
[0;32m[0m* (C) 2010-present, Jian Yang, The University of Queensland
[0;32m[0m* Please report bugs to Jian Yang <jian.yang.qt@gmail.com>
[0;32m[0m*******************************************************************
[0;32mAnalysis started [0mat 20:43:52 UTC on Sat Mar 13 2021.
[0;32m[0mHostname: ffce52520309
[0;32m[0m
[0;32m[0mOptions: 
[0;32m[0m 
--bfile ../data/LMM_MWE/genotypes 
--make-grm-part 2 1 
--thread-num 1 
--out ../data/LMM_MWE/output/cache/genotypes 
[0;32m[0m
[0;32m[0mThe program will be running on up to 1 threads.
[0;32m[0mNote: GRM is computed using the SNPs on the autosome.
[0;32m[0mReading PLINK FAM file from [../data/LMM_MWE/genotypes.fam]...
[0;32m[0m100 individuals to be included from FAM file.
100 individuals to be included. 50 males, 50 females, 0 unknown.
[0;32m[0mReading PLINK BIM file from [../data/LMM_MWE/genotypes.bim]...
[0;32m[0m529024 SNPs to be included from BIM file(s).
[0;32m[0mComputing the genetic relationship matrix (GRM) v2 ...
[0;32m[0mSubset 1/2, no. subject 1-64
  [0;32m[0m64 samples, 529024 markers, 2080 GRM elements
[0;32m[0mIDs for the GRM file has been saved in the file [../data/LMM_MWE/output/cache/genotypes.part_2_1.grm.id]
Computing GRM...
  [0;32m[0m100% finished in 0.7 sec
529024 SNPs have been processed.
  Used 524444 valid SNPs.
[0;32m[0mThe GRM computation is completed.
[0;32m[0mSaving GRM...
[0;32m[0mGRM has been saved in the file [../data/LMM_MWE/output/cache/genotypes.part_2_1.grm.bin]
[0;32m[0mNumber of SNPs in each pair of individuals has been saved in the file [../data/LMM_MWE/output/cache/genotypes.part_2_1.grm.N.bin]
[0;32m[0m
[0;32mAnalysis finished [0mat 20:43:53 UTC on Sat Mar 13 2021
Overall computational time: 1.67 sec.
