PLINK v2.00a2.3LM 64-bit Intel (24 Jan 2020)
Options in effect:
  --bfile /Users/hyeonjukim/GIT/orientation/data/LMM_MWE/genotypes21_22
  --mac 1
  --maf 0.001
  --no-id-header
  --out /Users/hyeonjukim/GIT/orientation/data/output/cache/genotypes21_22.qc_pass
  --threads 4
  --write-samples
  --write-snplist

Hostname: 20e4e335fe99
Working directory: /Users/hyeonjukim/GIT/orientation/notebook
Start time: Thu Mar 18 19:23:48 2021

Random number seed: 1616095428
1988 MiB RAM detected; reserving 994 MiB for main workspace.
Using up to 4 compute threads.
100 samples (50 females, 50 males; 100 founders) loaded from
/Users/hyeonjukim/GIT/orientation/data/LMM_MWE/genotypes21_22.fam.
16577 variants loaded from
/Users/hyeonjukim/GIT/orientation/data/LMM_MWE/genotypes21_22.bim.
Note: No phenotype data present.
--write-samples: Sample IDs written to
/Users/hyeonjukim/GIT/orientation/data/output/cache/genotypes21_22.qc_pass.id .
Calculating allele frequencies... done.
122 variants removed due to allele frequency threshold(s)
(--maf/--max-maf/--mac/--max-mac).
16455 variants remaining after main filters.
--write-snplist: Variant IDs written to
/Users/hyeonjukim/GIT/orientation/data/output/cache/genotypes21_22.qc_pass.snplist
.

End time: Thu Mar 18 19:23:49 2021
