*******************************************************************
* Genome-wide Complex Trait Analysis (GCTA)
* version 1.93.2 beta Linux
* (C) 2010-present, Jian Yang, The University of Queensland
* Please report bugs to Jian Yang <jian.yang.qt@gmail.com>
*******************************************************************
Analysis started at 20:43:56 UTC on Sat Mar 13 2021.
Hostname: c96add448c88

Options: 
 
--grm ../data/LMM_MWE/output/genotypes 
--make-bK-sparse 0.05 
--out ../data/LMM_MWE/output/genotypes 

Pruning the GRM to sparse with a cut off of 0.050000...
Total number of parts to proceed: 1
    Saving 100 individual IDs
    Processing part 1
Saving GRM sparse (100 pairs) to [../data/LMM_MWE/output/genotypes.grm.sp]
make GRM sparse finished Success:

Analysis finished at 20:43:56 UTC on Sat Mar 13 2021
Overall computational time: 0.07 sec.
